{"C:\\Users\\Lenovo\\Desktop\\classsed-jest-part1\\js\\utilityFunctions.js": {"path":"C:\\Users\\Lenovo\\Desktop\\classsed-jest-part1\\js\\utilityFunctions.js","statementMap":{"0":{"start":{"line":2,"column":14},"end":{"line":2,"column":23}},"1":{"start":{"line":3,"column":12},"end":{"line":3,"column":21}},"2":{"start":{"line":6,"column":14},"end":{"line":6,"column":18}},"3":{"start":{"line":7,"column":16},"end":{"line":7,"column":21}},"4":{"start":{"line":10,"column":19},"end":{"line":14,"column":1}},"5":{"start":{"line":11,"column":2},"end":{"line":11,"column":30}},"6":{"start":{"line":12,"column":2},"end":{"line":12,"column":47}},"7":{"start":{"line":13,"column":2},"end":{"line":13,"column":45}},"8":{"start":{"line":15,"column":17},"end":{"line":18,"column":1}},"9":{"start":{"line":16,"column":2},"end":{"line":16,"column":28}},"10":{"start":{"line":17,"column":2},"end":{"line":17,"column":42}},"11":{"start":{"line":19,"column":25},"end":{"line":22,"column":1}},"12":{"start":{"line":20,"column":2},"end":{"line":21,"column":31}},"13":{"start":{"line":20,"column":13},"end":{"line":20,"column":30}},"14":{"start":{"line":21,"column":7},"end":{"line":21,"column":31}},"15":{"start":{"line":23,"column":27},"end":{"line":29,"column":1}},"16":{"start":{"line":24,"column":2},"end":{"line":28,"column":3}},"17":{"start":{"line":25,"column":4},"end":{"line":25,"column":35}},"18":{"start":{"line":27,"column":4},"end":{"line":27,"column":66}},"19":{"start":{"line":30,"column":21},"end":{"line":36,"column":1}},"20":{"start":{"line":31,"column":2},"end":{"line":35,"column":3}},"21":{"start":{"line":32,"column":4},"end":{"line":32,"column":58}},"22":{"start":{"line":34,"column":4},"end":{"line":34,"column":35}},"23":{"start":{"line":37,"column":16},"end":{"line":40,"column":1}},"24":{"start":{"line":38,"column":2},"end":{"line":38,"column":32}},"25":{"start":{"line":38,"column":20},"end":{"line":38,"column":32}},"26":{"start":{"line":39,"column":2},"end":{"line":39,"column":15}},"27":{"start":{"line":41,"column":19},"end":{"line":55,"column":1}},"28":{"start":{"line":42,"column":2},"end":{"line":54,"column":3}},"29":{"start":{"line":43,"column":4},"end":{"line":43,"column":35}},"30":{"start":{"line":44,"column":9},"end":{"line":54,"column":3}},"31":{"start":{"line":45,"column":4},"end":{"line":48,"column":6}},"32":{"start":{"line":50,"column":4},"end":{"line":53,"column":6}},"33":{"start":{"line":57,"column":27},"end":{"line":99,"column":1}},"34":{"start":{"line":59,"column":2},"end":{"line":98,"column":3}},"35":{"start":{"line":62,"column":6},"end":{"line":62,"column":31}},"36":{"start":{"line":63,"column":6},"end":{"line":67,"column":8}},"37":{"start":{"line":70,"column":6},"end":{"line":70,"column":39}},"38":{"start":{"line":71,"column":6},"end":{"line":75,"column":8}},"39":{"start":{"line":78,"column":6},"end":{"line":78,"column":47}},"40":{"start":{"line":79,"column":6},"end":{"line":83,"column":8}},"41":{"start":{"line":86,"column":6},"end":{"line":86,"column":55}},"42":{"start":{"line":87,"column":6},"end":{"line":91,"column":8}},"43":{"start":{"line":94,"column":6},"end":{"line":94,"column":168}},"44":{"start":{"line":95,"column":6},"end":{"line":95,"column":80}},"45":{"start":{"line":97,"column":6},"end":{"line":97,"column":69}},"46":{"start":{"line":101,"column":28},"end":{"line":104,"column":1}},"47":{"start":{"line":102,"column":2},"end":{"line":102,"column":57}},"48":{"start":{"line":102,"column":26},"end":{"line":102,"column":57}},"49":{"start":{"line":103,"column":2},"end":{"line":103,"column":42}}},"fnMap":{"0":{"name":"(anonymous_0)","decl":{"start":{"line":10,"column":19},"end":{"line":10,"column":20}},"loc":{"start":{"line":10,"column":39},"end":{"line":14,"column":1}},"line":10},"1":{"name":"(anonymous_1)","decl":{"start":{"line":15,"column":17},"end":{"line":15,"column":18}},"loc":{"start":{"line":15,"column":28},"end":{"line":18,"column":1}},"line":15},"2":{"name":"(anonymous_2)","decl":{"start":{"line":19,"column":25},"end":{"line":19,"column":26}},"loc":{"start":{"line":19,"column":43},"end":{"line":22,"column":1}},"line":19},"3":{"name":"(anonymous_3)","decl":{"start":{"line":23,"column":27},"end":{"line":23,"column":28}},"loc":{"start":{"line":23,"column":38},"end":{"line":29,"column":1}},"line":23},"4":{"name":"(anonymous_4)","decl":{"start":{"line":30,"column":21},"end":{"line":30,"column":22}},"loc":{"start":{"line":30,"column":32},"end":{"line":36,"column":1}},"line":30},"5":{"name":"(anonymous_5)","decl":{"start":{"line":37,"column":16},"end":{"line":37,"column":17}},"loc":{"start":{"line":37,"column":27},"end":{"line":40,"column":1}},"line":37},"6":{"name":"(anonymous_6)","decl":{"start":{"line":41,"column":19},"end":{"line":41,"column":20}},"loc":{"start":{"line":41,"column":52},"end":{"line":55,"column":1}},"line":41},"7":{"name":"(anonymous_7)","decl":{"start":{"line":57,"column":27},"end":{"line":57,"column":28}},"loc":{"start":{"line":57,"column":44},"end":{"line":99,"column":1}},"line":57},"8":{"name":"(anonymous_8)","decl":{"start":{"line":101,"column":28},"end":{"line":101,"column":29}},"loc":{"start":{"line":101,"column":53},"end":{"line":104,"column":1}},"line":101}},"branchMap":{"0":{"loc":{"start":{"line":20,"column":2},"end":{"line":21,"column":31}},"type":"if","locations":[{"start":{"line":20,"column":2},"end":{"line":21,"column":31}},{"start":{"line":20,"column":2},"end":{"line":21,"column":31}}],"line":20},"1":{"loc":{"start":{"line":24,"column":2},"end":{"line":28,"column":3}},"type":"if","locations":[{"start":{"line":24,"column":2},"end":{"line":28,"column":3}},{"start":{"line":24,"column":2},"end":{"line":28,"column":3}}],"line":24},"2":{"loc":{"start":{"line":31,"column":2},"end":{"line":35,"column":3}},"type":"if","locations":[{"start":{"line":31,"column":2},"end":{"line":35,"column":3}},{"start":{"line":31,"column":2},"end":{"line":35,"column":3}}],"line":31},"3":{"loc":{"start":{"line":38,"column":2},"end":{"line":38,"column":32}},"type":"if","locations":[{"start":{"line":38,"column":2},"end":{"line":38,"column":32}},{"start":{"line":38,"column":2},"end":{"line":38,"column":32}}],"line":38},"4":{"loc":{"start":{"line":42,"column":2},"end":{"line":54,"column":3}},"type":"if","locations":[{"start":{"line":42,"column":2},"end":{"line":54,"column":3}},{"start":{"line":42,"column":2},"end":{"line":54,"column":3}}],"line":42},"5":{"loc":{"start":{"line":42,"column":6},"end":{"line":42,"column":59}},"type":"binary-expr","locations":[{"start":{"line":42,"column":6},"end":{"line":42,"column":31}},{"start":{"line":42,"column":35},"end":{"line":42,"column":59}}],"line":42},"6":{"loc":{"start":{"line":44,"column":9},"end":{"line":54,"column":3}},"type":"if","locations":[{"start":{"line":44,"column":9},"end":{"line":54,"column":3}},{"start":{"line":44,"column":9},"end":{"line":54,"column":3}}],"line":44},"7":{"loc":{"start":{"line":59,"column":2},"end":{"line":98,"column":3}},"type":"switch","locations":[{"start":{"line":60,"column":4},"end":{"line":67,"column":8}},{"start":{"line":68,"column":4},"end":{"line":75,"column":8}},{"start":{"line":76,"column":4},"end":{"line":83,"column":8}},{"start":{"line":84,"column":4},"end":{"line":91,"column":8}},{"start":{"line":92,"column":4},"end":{"line":95,"column":80}},{"start":{"line":96,"column":4},"end":{"line":97,"column":69}}],"line":59},"8":{"loc":{"start":{"line":102,"column":2},"end":{"line":102,"column":57}},"type":"if","locations":[{"start":{"line":102,"column":2},"end":{"line":102,"column":57}},{"start":{"line":102,"column":2},"end":{"line":102,"column":57}}],"line":102}},"s":{"0":2,"1":2,"2":2,"3":2,"4":2,"5":0,"6":0,"7":0,"8":2,"9":0,"10":0,"11":2,"12":11,"13":7,"14":4,"15":2,"16":1,"17":1,"18":0,"19":2,"20":7,"21":3,"22":4,"23":2,"24":9,"25":4,"26":5,"27":2,"28":1,"29":1,"30":0,"31":0,"32":0,"33":2,"34":1,"35":1,"36":1,"37":0,"38":0,"39":0,"40":0,"41":0,"42":0,"43":0,"44":0,"45":0,"46":2,"47":1,"48":1,"49":0},"f":{"0":0,"1":0,"2":11,"3":1,"4":7,"5":9,"6":1,"7":1,"8":1},"b":{"0":[7,4],"1":[1,0],"2":[3,4],"3":[4,5],"4":[1,0],"5":[1,1],"6":[0,0],"7":[1,0,0,0,0,0],"8":[1,0]},"_coverageSchema":"43e27e138ebf9cfc5966b082cf9a028302ed4184","hash":"50e905f31efc40bcad54b5e2feb4f595c2bcc1bb"}
,"C:\\Users\\Lenovo\\Desktop\\classsed-jest-part1\\js\\validators.js": {"path":"C:\\Users\\Lenovo\\Desktop\\classsed-jest-part1\\js\\validators.js","statementMap":{"0":{"start":{"line":11,"column":22},"end":{"line":13,"column":1}},"1":{"start":{"line":16,"column":21},"end":{"line":22,"column":1}},"2":{"start":{"line":18,"column":2},"end":{"line":18,"column":61}},"3":{"start":{"line":18,"column":34},"end":{"line":18,"column":61}},"4":{"start":{"line":20,"column":2},"end":{"line":20,"column":73}},"5":{"start":{"line":20,"column":40},"end":{"line":20,"column":73}},"6":{"start":{"line":21,"column":2},"end":{"line":21,"column":23}},"7":{"start":{"line":23,"column":25},"end":{"line":36,"column":1}},"8":{"start":{"line":25,"column":2},"end":{"line":25,"column":67}},"9":{"start":{"line":25,"column":37},"end":{"line":25,"column":67}},"10":{"start":{"line":27,"column":2},"end":{"line":27,"column":79}},"11":{"start":{"line":27,"column":43},"end":{"line":27,"column":79}},"12":{"start":{"line":33,"column":2},"end":{"line":34,"column":43}},"13":{"start":{"line":34,"column":4},"end":{"line":34,"column":43}},"14":{"start":{"line":35,"column":2},"end":{"line":35,"column":23}},"15":{"start":{"line":37,"column":32},"end":{"line":44,"column":1}},"16":{"start":{"line":38,"column":2},"end":{"line":39,"column":61}},"17":{"start":{"line":39,"column":4},"end":{"line":39,"column":61}},"18":{"start":{"line":41,"column":2},"end":{"line":42,"column":59}},"19":{"start":{"line":42,"column":4},"end":{"line":42,"column":59}},"20":{"start":{"line":43,"column":2},"end":{"line":43,"column":23}},"21":{"start":{"line":45,"column":22},"end":{"line":49,"column":1}},"22":{"start":{"line":46,"column":2},"end":{"line":46,"column":61}},"23":{"start":{"line":46,"column":34},"end":{"line":46,"column":61}},"24":{"start":{"line":47,"column":2},"end":{"line":47,"column":79}},"25":{"start":{"line":47,"column":43},"end":{"line":47,"column":79}},"26":{"start":{"line":48,"column":2},"end":{"line":48,"column":23}}},"fnMap":{"0":{"name":"(anonymous_0)","decl":{"start":{"line":16,"column":21},"end":{"line":16,"column":22}},"loc":{"start":{"line":16,"column":32},"end":{"line":22,"column":1}},"line":16},"1":{"name":"(anonymous_1)","decl":{"start":{"line":23,"column":25},"end":{"line":23,"column":26}},"loc":{"start":{"line":23,"column":39},"end":{"line":36,"column":1}},"line":23},"2":{"name":"(anonymous_2)","decl":{"start":{"line":37,"column":32},"end":{"line":37,"column":33}},"loc":{"start":{"line":37,"column":63},"end":{"line":44,"column":1}},"line":37},"3":{"name":"(anonymous_3)","decl":{"start":{"line":45,"column":22},"end":{"line":45,"column":23}},"loc":{"start":{"line":45,"column":33},"end":{"line":49,"column":1}},"line":45}},"branchMap":{"0":{"loc":{"start":{"line":18,"column":2},"end":{"line":18,"column":61}},"type":"if","locations":[{"start":{"line":18,"column":2},"end":{"line":18,"column":61}},{"start":{"line":18,"column":2},"end":{"line":18,"column":61}}],"line":18},"1":{"loc":{"start":{"line":20,"column":2},"end":{"line":20,"column":73}},"type":"if","locations":[{"start":{"line":20,"column":2},"end":{"line":20,"column":73}},{"start":{"line":20,"column":2},"end":{"line":20,"column":73}}],"line":20},"2":{"loc":{"start":{"line":25,"column":2},"end":{"line":25,"column":67}},"type":"if","locations":[{"start":{"line":25,"column":2},"end":{"line":25,"column":67}},{"start":{"line":25,"column":2},"end":{"line":25,"column":67}}],"line":25},"3":{"loc":{"start":{"line":27,"column":2},"end":{"line":27,"column":79}},"type":"if","locations":[{"start":{"line":27,"column":2},"end":{"line":27,"column":79}},{"start":{"line":27,"column":2},"end":{"line":27,"column":79}}],"line":27},"4":{"loc":{"start":{"line":33,"column":2},"end":{"line":34,"column":43}},"type":"if","locations":[{"start":{"line":33,"column":2},"end":{"line":34,"column":43}},{"start":{"line":33,"column":2},"end":{"line":34,"column":43}}],"line":33},"5":{"loc":{"start":{"line":38,"column":2},"end":{"line":39,"column":61}},"type":"if","locations":[{"start":{"line":38,"column":2},"end":{"line":39,"column":61}},{"start":{"line":38,"column":2},"end":{"line":39,"column":61}}],"line":38},"6":{"loc":{"start":{"line":41,"column":2},"end":{"line":42,"column":59}},"type":"if","locations":[{"start":{"line":41,"column":2},"end":{"line":42,"column":59}},{"start":{"line":41,"column":2},"end":{"line":42,"column":59}}],"line":41},"7":{"loc":{"start":{"line":46,"column":2},"end":{"line":46,"column":61}},"type":"if","locations":[{"start":{"line":46,"column":2},"end":{"line":46,"column":61}},{"start":{"line":46,"column":2},"end":{"line":46,"column":61}}],"line":46},"8":{"loc":{"start":{"line":47,"column":2},"end":{"line":47,"column":79}},"type":"if","locations":[{"start":{"line":47,"column":2},"end":{"line":47,"column":79}},{"start":{"line":47,"column":2},"end":{"line":47,"column":79}}],"line":47}},"s":{"0":1,"1":1,"2":2,"3":1,"4":1,"5":0,"6":1,"7":1,"8":1,"9":0,"10":1,"11":0,"12":1,"13":0,"14":1,"15":1,"16":1,"17":0,"18":1,"19":1,"20":0,"21":1,"22":0,"23":0,"24":0,"25":0,"26":0},"f":{"0":2,"1":1,"2":1,"3":0},"b":{"0":[1,1],"1":[0,1],"2":[0,1],"3":[0,1],"4":[0,1],"5":[0,1],"6":[1,0],"7":[0,0],"8":[0,0]},"_coverageSchema":"43e27e138ebf9cfc5966b082cf9a028302ed4184","hash":"44f8bd5a22483ae3cf9fab8653b57ea519a2f8f4"}
}
