TN:
SF:C:\Users\Lenovo\Desktop\classsed-jest-part1\js\utilityFunctions.js
FN:10,(anonymous_0)
FN:15,(anonymous_1)
FN:19,(anonymous_2)
FN:23,(anonymous_3)
FN:30,(anonymous_4)
FN:37,(anonymous_5)
FN:41,(anonymous_6)
FN:57,(anonymous_7)
FN:101,(anonymous_8)
FNF:9
FNH:7
FNDA:0,(anonymous_0)
FNDA:0,(anonymous_1)
FNDA:11,(anonymous_2)
FNDA:1,(anonymous_3)
FNDA:7,(anonymous_4)
FNDA:9,(anonymous_5)
FNDA:1,(anonymous_6)
FNDA:1,(anonymous_7)
FNDA:1,(anonymous_8)
DA:2,2
DA:3,2
DA:6,2
DA:7,2
DA:10,2
DA:11,0
DA:12,0
DA:13,0
DA:15,2
DA:16,0
DA:17,0
DA:19,2
DA:20,11
DA:21,4
DA:23,2
DA:24,1
DA:25,1
DA:27,0
DA:30,2
DA:31,7
DA:32,3
DA:34,4
DA:37,2
DA:38,9
DA:39,5
DA:41,2
DA:42,1
DA:43,1
DA:44,0
DA:45,0
DA:50,0
DA:57,2
DA:59,1
DA:62,1
DA:63,1
DA:70,0
DA:71,0
DA:78,0
DA:79,0
DA:86,0
DA:87,0
DA:94,0
DA:95,0
DA:97,0
DA:101,2
DA:102,1
DA:103,0
LF:47
LH:28
BRDA:20,0,0,7
BRDA:20,0,1,4
BRDA:24,1,0,1
BRDA:24,1,1,0
BRDA:31,2,0,3
BRDA:31,2,1,4
BRDA:38,3,0,4
BRDA:38,3,1,5
BRDA:42,4,0,1
BRDA:42,4,1,0
BRDA:42,5,0,1
BRDA:42,5,1,1
BRDA:44,6,0,0
BRDA:44,6,1,0
BRDA:59,7,0,1
BRDA:59,7,1,0
BRDA:59,7,2,0
BRDA:59,7,3,0
BRDA:59,7,4,0
BRDA:59,7,5,0
BRDA:102,8,0,1
BRDA:102,8,1,0
BRF:22
BRH:12
end_of_record
TN:
SF:C:\Users\Lenovo\Desktop\classsed-jest-part1\js\validators.js
FN:16,(anonymous_0)
FN:23,(anonymous_1)
FN:37,(anonymous_2)
FN:45,(anonymous_3)
FNF:4
FNH:3
FNDA:2,(anonymous_0)
FNDA:1,(anonymous_1)
FNDA:1,(anonymous_2)
FNDA:0,(anonymous_3)
DA:11,1
DA:16,1
DA:18,2
DA:20,1
DA:21,1
DA:23,1
DA:25,1
DA:27,1
DA:33,1
DA:34,0
DA:35,1
DA:37,1
DA:38,1
DA:39,0
DA:41,1
DA:42,1
DA:43,0
DA:45,1
DA:46,0
DA:47,0
DA:48,0
LF:21
LH:15
BRDA:18,0,0,1
BRDA:18,0,1,1
BRDA:20,1,0,0
BRDA:20,1,1,1
BRDA:25,2,0,0
BRDA:25,2,1,1
BRDA:27,3,0,0
BRDA:27,3,1,1
BRDA:33,4,0,0
BRDA:33,4,1,1
BRDA:38,5,0,0
BRDA:38,5,1,1
BRDA:41,6,0,1
BRDA:41,6,1,0
BRDA:46,7,0,0
BRDA:46,7,1,0
BRDA:47,8,0,0
BRDA:47,8,1,0
BRF:18
BRH:8
end_of_record
